<?xml version="1.0" encoding="UTF-8"?>
<!-- Generated by org.testng.reporters.JUnitXMLReporter -->
<testsuite hostname="Balaji" ignored="2" name="Login Test ch" tests="1" failures="0" timestamp="2020-07-03T16:39:23 IST" time="12.299" errors="0">
  <testcase name="checkLinkCountTest" time="0.048" classname="com.tieto.test.LoginTest"/>
  <testcase name="validCredentialTest" time="0.0" classname="com.tieto.test.LoginTest">
    <ignored/>
  </testcase> <!-- validCredentialTest -->
  <testcase name="invalidCredentialTest" time="0.0" classname="com.tieto.test.LoginTest">
    <ignored/>
  </testcase> <!-- invalidCredentialTest -->
</testsuite> <!-- Login Test ch -->
